[2020-06-07T17:45:32.929] [INFO] default - /
[2020-06-07T17:45:33.802] [INFO] default - /contentDocumentStart.js
[2020-06-07T17:45:33.802] [ERROR] default - Página não encontrada/contentDocumentStart.js
[2020-06-07T17:45:33.893] [INFO] default - /favicon.ico
[2020-06-07T17:45:33.894] [ERROR] default - Página não encontrada/favicon.ico
[2020-06-07T17:45:57.607] [INFO] default - /recebidas
[2020-06-07T17:45:57.772] [INFO] default - /favicon.ico
[2020-06-07T17:45:57.773] [ERROR] default - Página não encontrada/favicon.ico
[2020-06-07T17:46:03.280] [INFO] default - /enviar
[2020-06-07T17:46:03.551] [INFO] default - /favicon.ico
[2020-06-07T17:46:03.552] [ERROR] default - Página não encontrada/favicon.ico
[2020-06-07T17:46:26.255] [INFO] default - /enviar
[2020-06-07T17:46:26.572] [INFO] default - /favicon.ico
[2020-06-07T17:46:26.573] [ERROR] default - Página não encontrada/favicon.ico
[2020-06-07T17:46:37.291] [INFO] default - /enviar
[2020-06-07T17:46:37.566] [INFO] default - /favicon.ico
[2020-06-07T17:46:37.566] [ERROR] default - Página não encontrada/favicon.ico
[2020-06-07T17:46:50.790] [INFO] default - /enviar
[2020-06-07T17:46:51.048] [INFO] default - /favicon.ico
[2020-06-07T17:46:51.049] [ERROR] default - Página não encontrada/favicon.ico
[2020-06-07T17:46:51.932] [INFO] default - /enviar
[2020-06-07T17:46:52.109] [INFO] default - /favicon.ico
[2020-06-07T17:46:52.110] [ERROR] default - Página não encontrada/favicon.ico
[2020-06-07T17:47:57.981] [INFO] default - /enviar
[2020-06-07T17:47:58.237] [INFO] default - /favicon.ico
[2020-06-07T17:47:58.239] [ERROR] default - Página não encontrada/favicon.ico
[2020-06-07T17:47:59.635] [INFO] default - /enviar
[2020-06-07T17:47:59.794] [INFO] default - /favicon.ico
[2020-06-07T17:47:59.795] [ERROR] default - Página não encontrada/favicon.ico
[2020-06-07T17:48:00.666] [INFO] default - /enviar
[2020-06-07T17:48:00.917] [INFO] default - /favicon.ico
[2020-06-07T17:48:00.917] [ERROR] default - Página não encontrada/favicon.ico
[2020-06-07T17:48:06.927] [INFO] default - /favicon.ico
[2020-06-07T17:48:06.927] [ERROR] default - Página não encontrada/favicon.ico
[2020-06-07T17:48:07.153] [INFO] default - /favicon.ico
[2020-06-07T17:48:07.153] [ERROR] default - Página não encontrada/favicon.ico
[2020-06-07T17:48:25.999] [INFO] default - /favicon.ico
[2020-06-07T17:48:26.001] [ERROR] default - Página não encontrada/favicon.ico
[2020-06-07T17:48:26.185] [INFO] default - /favicon.ico
[2020-06-07T17:48:26.185] [ERROR] default - Página não encontrada/favicon.ico
[2020-06-07T17:48:27.048] [INFO] default - /favicon.ico
[2020-06-07T17:48:27.049] [ERROR] default - Página não encontrada/favicon.ico
[2020-06-07T17:48:27.257] [INFO] default - /favicon.ico
[2020-06-07T17:48:27.257] [ERROR] default - Página não encontrada/favicon.ico
[2020-06-07T17:48:27.977] [INFO] default - /favicon.ico
[2020-06-07T17:48:27.978] [ERROR] default - Página não encontrada/favicon.ico
[2020-06-07T17:48:28.156] [INFO] default - /favicon.ico
[2020-06-07T17:48:28.158] [ERROR] default - Página não encontrada/favicon.ico
[2020-06-07T17:48:28.990] [INFO] default - /favicon.ico
[2020-06-07T17:48:28.995] [ERROR] default - Página não encontrada/favicon.ico
[2020-06-07T17:48:29.209] [INFO] default - /favicon.ico
[2020-06-07T17:48:29.210] [ERROR] default - Página não encontrada/favicon.ico
[2020-06-07T17:48:30.004] [INFO] default - /favicon.ico
[2020-06-07T17:48:30.005] [ERROR] default - Página não encontrada/favicon.ico
[2020-06-07T17:48:30.195] [INFO] default - /favicon.ico
[2020-06-07T17:48:30.196] [ERROR] default - Página não encontrada/favicon.ico
[2020-06-07T17:48:30.709] [INFO] default - /favicon.ico
[2020-06-07T17:48:30.709] [ERROR] default - Página não encontrada/favicon.ico
[2020-06-07T17:48:30.934] [INFO] default - /favicon.ico
[2020-06-07T17:48:30.934] [ERROR] default - Página não encontrada/favicon.ico
[2020-06-07T17:48:31.446] [INFO] default - /favicon.ico
[2020-06-07T17:48:31.446] [ERROR] default - Página não encontrada/favicon.ico
[2020-06-07T17:48:31.641] [INFO] default - /favicon.ico
[2020-06-07T17:48:31.642] [ERROR] default - Página não encontrada/favicon.ico
[2020-06-07T17:48:57.844] [INFO] default - /favicon.ico
[2020-06-07T17:48:57.845] [ERROR] default - Página não encontrada/favicon.ico
[2020-06-07T17:48:58.433] [INFO] default - /favicon.ico
[2020-06-07T17:48:58.434] [ERROR] default - Página não encontrada/favicon.ico
[2020-06-07T17:48:59.005] [INFO] default - /favicon.ico
[2020-06-07T17:48:59.006] [ERROR] default - Página não encontrada/favicon.ico
[2020-06-07T17:48:59.247] [INFO] default - /favicon.ico
[2020-06-07T17:48:59.248] [ERROR] default - Página não encontrada/favicon.ico
[2020-06-07T17:48:59.964] [INFO] default - /favicon.ico
[2020-06-07T17:48:59.965] [ERROR] default - Página não encontrada/favicon.ico
[2020-06-07T17:49:00.177] [INFO] default - /favicon.ico
[2020-06-07T17:49:00.178] [ERROR] default - Página não encontrada/favicon.ico
[2020-06-07T17:49:01.205] [INFO] default - /favicon.ico
[2020-06-07T17:49:01.206] [ERROR] default - Página não encontrada/favicon.ico
[2020-06-07T17:49:01.380] [INFO] default - /favicon.ico
[2020-06-07T17:49:01.380] [ERROR] default - Página não encontrada/favicon.ico
[2020-06-07T17:49:02.451] [INFO] default - /favicon.ico
[2020-06-07T17:49:02.452] [ERROR] default - Página não encontrada/favicon.ico
[2020-06-07T17:49:02.712] [INFO] default - /favicon.ico
[2020-06-07T17:49:02.713] [ERROR] default - Página não encontrada/favicon.ico
[2020-06-07T17:49:03.334] [INFO] default - /favicon.ico
[2020-06-07T17:49:03.335] [ERROR] default - Página não encontrada/favicon.ico
[2020-06-07T17:49:03.501] [INFO] default - /favicon.ico
[2020-06-07T17:49:03.503] [ERROR] default - Página não encontrada/favicon.ico
[2020-06-07T17:49:03.998] [INFO] default - /favicon.ico
[2020-06-07T17:49:03.998] [ERROR] default - Página não encontrada/favicon.ico
[2020-06-07T17:49:04.173] [INFO] default - /favicon.ico
[2020-06-07T17:49:04.173] [ERROR] default - Página não encontrada/favicon.ico
[2020-06-07T17:49:04.553] [INFO] default - /favicon.ico
[2020-06-07T17:49:04.553] [ERROR] default - Página não encontrada/favicon.ico
[2020-06-07T17:49:04.719] [INFO] default - /favicon.ico
[2020-06-07T17:49:04.720] [ERROR] default - Página não encontrada/favicon.ico
[2020-06-07T17:49:10.981] [INFO] default - /favicon.ico
[2020-06-07T17:49:10.989] [ERROR] default - Página não encontrada/favicon.ico
[2020-06-07T17:49:11.184] [INFO] default - /favicon.ico
[2020-06-07T17:49:11.185] [ERROR] default - Página não encontrada/favicon.ico
[2020-06-07T17:49:21.029] [INFO] default - /favicon.ico
[2020-06-07T17:49:21.030] [ERROR] default - Página não encontrada/favicon.ico
[2020-06-07T17:49:21.243] [INFO] default - /favicon.ico
[2020-06-07T17:49:21.244] [ERROR] default - Página não encontrada/favicon.ico
[2020-06-07T17:49:25.870] [INFO] default - /
[2020-06-07T17:49:26.020] [INFO] default - /favicon.ico
[2020-06-07T17:49:26.021] [ERROR] default - Página não encontrada/favicon.ico
[2020-06-07T17:49:38.263] [INFO] default - /recebidas
[2020-06-07T17:49:38.489] [INFO] default - /favicon.ico
[2020-06-07T17:49:38.489] [ERROR] default - Página não encontrada/favicon.ico
[2020-06-07T17:49:43.701] [INFO] default - /enviar
[2020-06-07T17:49:43.928] [INFO] default - /favicon.ico
[2020-06-07T17:49:43.928] [ERROR] default - Página não encontrada/favicon.ico
[2020-06-07T17:50:08.303] [INFO] default - /enviar?destino=5511934251920&mensagem=Teste%20de%20mensagem%20pelo%20multibot
[2020-06-07T17:50:08.304] [ERROR] default - Página não encontrada/enviar?destino=5511934251920&mensagem=Teste%20de%20mensagem%20pelo%20multibot
[2020-06-07T17:50:08.821] [INFO] default - /favicon.ico
[2020-06-07T17:50:08.822] [ERROR] default - Página não encontrada/favicon.ico
[2020-06-07T18:43:03.275] [INFO] default - /enviar?destino=5511934251920&mensagem=Teste%20de%20mensagem%20pelo%20multibot
[2020-06-07T18:43:03.275] [ERROR] default - Página não encontrada/enviar?destino=5511934251920&mensagem=Teste%20de%20mensagem%20pelo%20multibot
[2020-06-07T18:43:03.444] [INFO] default - /favicon.ico
[2020-06-07T18:43:03.444] [ERROR] default - Página não encontrada/favicon.ico
[2020-06-07T18:52:27.665] [INFO] default - /contentDocumentStart.js
[2020-06-07T18:52:27.666] [ERROR] default - Página não encontrada/contentDocumentStart.js
[2020-06-07T18:54:33.906] [INFO] default - /enviar?destino=5511934251920&mensagem=Teste%20de%20mensagem%20pelo%20multibot
[2020-06-07T18:54:33.907] [ERROR] default - Página não encontrada/enviar?destino=5511934251920&mensagem=Teste%20de%20mensagem%20pelo%20multibot
[2020-06-07T18:54:34.236] [INFO] default - /favicon.ico
[2020-06-07T18:54:34.236] [ERROR] default - Página não encontrada/favicon.ico
[2020-06-07T18:54:35.556] [INFO] default - /enviar?destino=5511934251920&mensagem=Teste%20de%20mensagem%20pelo%20multibot
[2020-06-07T18:54:35.557] [ERROR] default - Página não encontrada/enviar?destino=5511934251920&mensagem=Teste%20de%20mensagem%20pelo%20multibot
[2020-06-07T18:54:35.641] [INFO] default - /favicon.ico
[2020-06-07T18:54:35.642] [ERROR] default - Página não encontrada/favicon.ico
[2020-06-07T20:01:52.035] [INFO] default - /contentDocumentStart.js
[2020-06-07T20:01:52.035] [ERROR] default - Página não encontrada/contentDocumentStart.js
[2020-06-07T20:02:17.575] [INFO] default - /contentDocumentStart.js
[2020-06-07T20:02:17.576] [ERROR] default - Página não encontrada/contentDocumentStart.js
[2020-06-07T20:07:40.470] [INFO] default - /enviar?destino=5511934251920&mensagem=Teste%20de%20mensagem%20pelo%20multibot
[2020-06-07T20:07:40.763] [INFO] default - /favicon.ico
[2020-06-07T20:09:01.080] [INFO] default - /enviar?destino=5511934251920&mensagem=Teste%20de%20mensagem%20pelo%20multibot
[2020-06-07T20:09:01.311] [INFO] default - /favicon.ico
[2020-06-07T20:09:21.640] [INFO] default - /enviar?destino=5511934251920&mensagem=Teste%20de%20mensagem%20pelo%20multibot
[2020-06-07T20:09:22.080] [INFO] default - /favicon.ico
[2020-06-07T20:10:01.425] [INFO] default - /enviar?destino=5511934251920&mensagem=Teste%20de%20mensagem%20pelo%20multibot
[2020-06-07T20:10:01.763] [INFO] default - /favicon.ico
[2020-06-07T20:10:34.264] [INFO] default - /enviar?destino=5511934251920&mensagem=Teste%20de%20mensagem%20pelo%20multibot
[2020-06-07T20:10:34.537] [INFO] default - /favicon.ico
[2020-06-07T20:10:57.855] [INFO] default - /enviar?destino=5511934251920&mensagem=Teste%20de%20mensagem%20pelo%20multibot
[2020-06-07T20:10:58.323] [INFO] default - /favicon.ico
[2020-06-07T20:11:26.347] [INFO] default - /enviar?destino=5511934251920&mensagem=Teste%20de%20mensagem%20pelo%20multibot
[2020-06-07T20:11:26.594] [INFO] default - /favicon.ico
